<?xml version="1.0" encoding="UTF-8"?>
<!-- Generated by org.testng.reporters.JUnitReportReporter -->
<testsuite hostname="SPBDDEV035" name="com.testing.gtech.GtechGame1.SampleTestNgTest" tests="1" failures="0" timestamp="4 Aug 2014 12:06:29 GMT" time="18.248" errors="0">
  <testcase name="testHomePageHasAHeader" time="18.248" classname="com.testing.gtech.GtechGame1.SampleTestNgTest"/>
</testsuite> <!-- com.testing.gtech.GtechGame1.SampleTestNgTest -->
